{"/Users/juancho/Courses/src/bc-cancer/fetch-faux-data-demo/src/ItemCheckerDemo/src/SQLiteContainer.ts": {"path":"/Users/juancho/Courses/src/bc-cancer/fetch-faux-data-demo/src/ItemCheckerDemo/src/SQLiteContainer.ts","statementMap":{"0":{"start":{"line":1,"column":0},"end":{"line":1,"column":38}},"1":{"start":{"line":2,"column":0},"end":{"line":2,"column":24}},"2":{"start":{"line":3,"column":0},"end":{"line":3,"column":20}},"3":{"start":{"line":34,"column":25},"end":{"line":34,"column":51}},"4":{"start":{"line":35,"column":8},"end":{"line":35,"column":56}},"5":{"start":{"line":36,"column":8},"end":{"line":36,"column":62}},"6":{"start":{"line":39,"column":8},"end":{"line":42,"column":9}},"7":{"start":{"line":40,"column":12},"end":{"line":40,"column":77}},"8":{"start":{"line":41,"column":12},"end":{"line":41,"column":50}},"9":{"start":{"line":45,"column":8},"end":{"line":45,"column":48}},"10":{"start":{"line":46,"column":8},"end":{"line":46,"column":53}},"11":{"start":{"line":49,"column":8},"end":{"line":49,"column":34}},"12":{"start":{"line":56,"column":8},"end":{"line":66,"column":11}},"13":{"start":{"line":67,"column":8},"end":{"line":67,"column":62}},"14":{"start":{"line":69,"column":8},"end":{"line":77,"column":11}},"15":{"start":{"line":78,"column":8},"end":{"line":78,"column":65}},"16":{"start":{"line":87,"column":25},"end":{"line":90,"column":10}},"17":{"start":{"line":91,"column":8},"end":{"line":103,"column":9}},"18":{"start":{"line":92,"column":25},"end":{"line":92,"column":50}},"19":{"start":{"line":93,"column":12},"end":{"line":93,"column":106}},"20":{"start":{"line":94,"column":12},"end":{"line":94,"column":69}},"21":{"start":{"line":95,"column":12},"end":{"line":95,"column":57}},"22":{"start":{"line":97,"column":12},"end":{"line":100,"column":13}},"23":{"start":{"line":98,"column":16},"end":{"line":98,"column":81}},"24":{"start":{"line":99,"column":16},"end":{"line":99,"column":70}},"25":{"start":{"line":101,"column":12},"end":{"line":101,"column":77}},"26":{"start":{"line":102,"column":12},"end":{"line":102,"column":75}},"27":{"start":{"line":113,"column":8},"end":{"line":115,"column":9}},"28":{"start":{"line":114,"column":12},"end":{"line":114,"column":47}},"29":{"start":{"line":117,"column":8},"end":{"line":158,"column":9}},"30":{"start":{"line":119,"column":29},"end":{"line":126,"column":14}},"31":{"start":{"line":128,"column":25},"end":{"line":128,"column":91}},"32":{"start":{"line":130,"column":12},"end":{"line":132,"column":13}},"33":{"start":{"line":131,"column":16},"end":{"line":131,"column":60}},"34":{"start":{"line":135,"column":29},"end":{"line":135,"column":36}},"35":{"start":{"line":136,"column":46},"end":{"line":145,"column":14}},"36":{"start":{"line":148,"column":12},"end":{"line":152,"column":13}},"37":{"start":{"line":149,"column":16},"end":{"line":151,"column":17}},"38":{"start":{"line":150,"column":20},"end":{"line":150,"column":81}},"39":{"start":{"line":154,"column":12},"end":{"line":154,"column":40}},"40":{"start":{"line":156,"column":12},"end":{"line":156,"column":75}},"41":{"start":{"line":157,"column":12},"end":{"line":157,"column":75}},"42":{"start":{"line":169,"column":8},"end":{"line":188,"column":9}},"43":{"start":{"line":170,"column":29},"end":{"line":170,"column":86}},"44":{"start":{"line":171,"column":25},"end":{"line":171,"column":61}},"45":{"start":{"line":173,"column":12},"end":{"line":175,"column":13}},"46":{"start":{"line":174,"column":16},"end":{"line":174,"column":60}},"47":{"start":{"line":177,"column":12},"end":{"line":179,"column":13}},"48":{"start":{"line":178,"column":16},"end":{"line":178,"column":86}},"49":{"start":{"line":181,"column":25},"end":{"line":181,"column":107}},"50":{"start":{"line":182,"column":12},"end":{"line":182,"column":46}},"51":{"start":{"line":183,"column":12},"end":{"line":183,"column":62}},"52":{"start":{"line":184,"column":12},"end":{"line":184,"column":63}},"53":{"start":{"line":186,"column":12},"end":{"line":186,"column":77}},"54":{"start":{"line":187,"column":12},"end":{"line":187,"column":75}},"55":{"start":{"line":198,"column":8},"end":{"line":217,"column":9}},"56":{"start":{"line":199,"column":29},"end":{"line":199,"column":86}},"57":{"start":{"line":200,"column":25},"end":{"line":200,"column":61}},"58":{"start":{"line":202,"column":12},"end":{"line":204,"column":13}},"59":{"start":{"line":203,"column":16},"end":{"line":203,"column":60}},"60":{"start":{"line":206,"column":12},"end":{"line":208,"column":13}},"61":{"start":{"line":207,"column":16},"end":{"line":207,"column":86}},"62":{"start":{"line":210,"column":25},"end":{"line":210,"column":83}},"63":{"start":{"line":211,"column":12},"end":{"line":211,"column":31}},"64":{"start":{"line":212,"column":12},"end":{"line":212,"column":66}},"65":{"start":{"line":213,"column":12},"end":{"line":213,"column":67}},"66":{"start":{"line":215,"column":12},"end":{"line":215,"column":80}},"67":{"start":{"line":216,"column":12},"end":{"line":216,"column":75}},"68":{"start":{"line":225,"column":8},"end":{"line":227,"column":9}},"69":{"start":{"line":226,"column":12},"end":{"line":226,"column":47}},"70":{"start":{"line":229,"column":8},"end":{"line":274,"column":9}},"71":{"start":{"line":231,"column":29},"end":{"line":237,"column":14}},"72":{"start":{"line":239,"column":25},"end":{"line":239,"column":83}},"73":{"start":{"line":241,"column":12},"end":{"line":243,"column":13}},"74":{"start":{"line":242,"column":16},"end":{"line":242,"column":48}},"75":{"start":{"line":246,"column":60},"end":{"line":246,"column":62}},"76":{"start":{"line":248,"column":12},"end":{"line":265,"column":13}},"77":{"start":{"line":249,"column":16},"end":{"line":260,"column":17}},"78":{"start":{"line":250,"column":20},"end":{"line":259,"column":22}},"79":{"start":{"line":262,"column":16},"end":{"line":264,"column":17}},"80":{"start":{"line":263,"column":20},"end":{"line":263,"column":90}},"81":{"start":{"line":268,"column":26},"end":{"line":268,"column":49}},"82":{"start":{"line":270,"column":12},"end":{"line":270,"column":32}},"83":{"start":{"line":272,"column":12},"end":{"line":272,"column":76}},"84":{"start":{"line":273,"column":12},"end":{"line":273,"column":75}},"85":{"start":{"line":285,"column":8},"end":{"line":304,"column":9}},"86":{"start":{"line":286,"column":29},"end":{"line":286,"column":86}},"87":{"start":{"line":287,"column":25},"end":{"line":287,"column":61}},"88":{"start":{"line":289,"column":12},"end":{"line":291,"column":13}},"89":{"start":{"line":290,"column":16},"end":{"line":290,"column":60}},"90":{"start":{"line":293,"column":12},"end":{"line":295,"column":13}},"91":{"start":{"line":294,"column":16},"end":{"line":294,"column":86}},"92":{"start":{"line":297,"column":25},"end":{"line":297,"column":117}},"93":{"start":{"line":298,"column":12},"end":{"line":298,"column":53}},"94":{"start":{"line":299,"column":12},"end":{"line":299,"column":69}},"95":{"start":{"line":300,"column":12},"end":{"line":300,"column":70}},"96":{"start":{"line":302,"column":12},"end":{"line":302,"column":84}},"97":{"start":{"line":303,"column":12},"end":{"line":303,"column":75}},"98":{"start":{"line":308,"column":0},"end":{"line":308,"column":31}}},"fnMap":{"0":{"name":"(anonymous_1)","decl":{"start":{"line":33,"column":4},"end":{"line":33,"column":16}},"loc":{"start":{"line":33,"column":32},"end":{"line":50,"column":5}}},"1":{"name":"(anonymous_2)","decl":{"start":{"line":55,"column":12},"end":{"line":55,"column":30}},"loc":{"start":{"line":55,"column":30},"end":{"line":79,"column":5}}},"2":{"name":"(anonymous_3)","decl":{"start":{"line":86,"column":11},"end":{"line":86,"column":18}},"loc":{"start":{"line":86,"column":127},"end":{"line":104,"column":5}}},"3":{"name":"(anonymous_4)","decl":{"start":{"line":112,"column":11},"end":{"line":112,"column":18}},"loc":{"start":{"line":112,"column":49},"end":{"line":159,"column":5}}},"4":{"name":"(anonymous_5)","decl":{"start":{"line":168,"column":11},"end":{"line":168,"column":21}},"loc":{"start":{"line":168,"column":69},"end":{"line":189,"column":5}}},"5":{"name":"(anonymous_6)","decl":{"start":{"line":197,"column":11},"end":{"line":197,"column":24}},"loc":{"start":{"line":197,"column":55},"end":{"line":218,"column":5}}},"6":{"name":"(anonymous_7)","decl":{"start":{"line":224,"column":11},"end":{"line":224,"column":22}},"loc":{"start":{"line":224,"column":22},"end":{"line":275,"column":5}}},"7":{"name":"(anonymous_8)","decl":{"start":{"line":284,"column":11},"end":{"line":284,"column":28}},"loc":{"start":{"line":284,"column":83},"end":{"line":305,"column":5}}}},"branchMap":{"0":{"loc":{"start":{"line":39,"column":8},"end":{"line":42,"column":9}},"type":"if","locations":[{"start":{"line":39,"column":8},"end":{"line":42,"column":9}}]},"1":{"loc":{"start":{"line":97,"column":12},"end":{"line":100,"column":13}},"type":"if","locations":[{"start":{"line":97,"column":12},"end":{"line":100,"column":13}}]},"2":{"loc":{"start":{"line":113,"column":8},"end":{"line":115,"column":9}},"type":"if","locations":[{"start":{"line":113,"column":8},"end":{"line":115,"column":9}}]},"3":{"loc":{"start":{"line":130,"column":12},"end":{"line":132,"column":13}},"type":"if","locations":[{"start":{"line":130,"column":12},"end":{"line":132,"column":13}}]},"4":{"loc":{"start":{"line":142,"column":32},"end":{"line":142,"column":61}},"type":"binary-expr","locations":[{"start":{"line":142,"column":32},"end":{"line":142,"column":55}},{"start":{"line":142,"column":59},"end":{"line":142,"column":61}}]},"5":{"loc":{"start":{"line":143,"column":31},"end":{"line":143,"column":59}},"type":"binary-expr","locations":[{"start":{"line":143,"column":31},"end":{"line":143,"column":53}},{"start":{"line":143,"column":57},"end":{"line":143,"column":59}}]},"6":{"loc":{"start":{"line":149,"column":16},"end":{"line":151,"column":17}},"type":"if","locations":[{"start":{"line":149,"column":16},"end":{"line":151,"column":17}}]},"7":{"loc":{"start":{"line":173,"column":12},"end":{"line":175,"column":13}},"type":"if","locations":[{"start":{"line":173,"column":12},"end":{"line":175,"column":13}}]},"8":{"loc":{"start":{"line":177,"column":12},"end":{"line":179,"column":13}},"type":"if","locations":[{"start":{"line":177,"column":12},"end":{"line":179,"column":13}}]},"9":{"loc":{"start":{"line":177,"column":16},"end":{"line":177,"column":93}},"type":"binary-expr","locations":[{"start":{"line":177,"column":16},"end":{"line":177,"column":39}},{"start":{"line":177,"column":43},"end":{"line":177,"column":66}},{"start":{"line":177,"column":70},"end":{"line":177,"column":93}}]},"10":{"loc":{"start":{"line":202,"column":12},"end":{"line":204,"column":13}},"type":"if","locations":[{"start":{"line":202,"column":12},"end":{"line":204,"column":13}}]},"11":{"loc":{"start":{"line":206,"column":12},"end":{"line":208,"column":13}},"type":"if","locations":[{"start":{"line":206,"column":12},"end":{"line":208,"column":13}}]},"12":{"loc":{"start":{"line":206,"column":16},"end":{"line":206,"column":93}},"type":"binary-expr","locations":[{"start":{"line":206,"column":16},"end":{"line":206,"column":39}},{"start":{"line":206,"column":43},"end":{"line":206,"column":66}},{"start":{"line":206,"column":70},"end":{"line":206,"column":93}}]},"13":{"loc":{"start":{"line":225,"column":8},"end":{"line":227,"column":9}},"type":"if","locations":[{"start":{"line":225,"column":8},"end":{"line":227,"column":9}}]},"14":{"loc":{"start":{"line":241,"column":12},"end":{"line":243,"column":13}},"type":"if","locations":[{"start":{"line":241,"column":12},"end":{"line":243,"column":13}}]},"15":{"loc":{"start":{"line":249,"column":16},"end":{"line":260,"column":17}},"type":"if","locations":[{"start":{"line":249,"column":16},"end":{"line":260,"column":17}}]},"16":{"loc":{"start":{"line":256,"column":40},"end":{"line":256,"column":64}},"type":"binary-expr","locations":[{"start":{"line":256,"column":40},"end":{"line":256,"column":58}},{"start":{"line":256,"column":62},"end":{"line":256,"column":64}}]},"17":{"loc":{"start":{"line":257,"column":39},"end":{"line":257,"column":62}},"type":"binary-expr","locations":[{"start":{"line":257,"column":39},"end":{"line":257,"column":56}},{"start":{"line":257,"column":60},"end":{"line":257,"column":62}}]},"18":{"loc":{"start":{"line":262,"column":16},"end":{"line":264,"column":17}},"type":"if","locations":[{"start":{"line":262,"column":16},"end":{"line":264,"column":17}}]},"19":{"loc":{"start":{"line":289,"column":12},"end":{"line":291,"column":13}},"type":"if","locations":[{"start":{"line":289,"column":12},"end":{"line":291,"column":13}}]},"20":{"loc":{"start":{"line":293,"column":12},"end":{"line":295,"column":13}},"type":"if","locations":[{"start":{"line":293,"column":12},"end":{"line":295,"column":13}}]},"21":{"loc":{"start":{"line":293,"column":16},"end":{"line":293,"column":93}},"type":"binary-expr","locations":[{"start":{"line":293,"column":16},"end":{"line":293,"column":39}},{"start":{"line":293,"column":43},"end":{"line":293,"column":66}},{"start":{"line":293,"column":70},"end":{"line":293,"column":93}}]}},"s":{"0":1,"1":1,"2":1,"3":15,"4":15,"5":15,"6":15,"7":15,"8":15,"9":15,"10":15,"11":15,"12":15,"13":15,"14":15,"15":15,"16":12,"17":12,"18":12,"19":12,"20":11,"21":11,"22":1,"23":1,"24":1,"25":0,"26":0,"27":6,"28":0,"29":6,"30":6,"31":6,"32":6,"33":1,"34":5,"35":5,"36":5,"37":7,"38":4,"39":5,"40":0,"41":0,"42":12,"43":12,"44":12,"45":12,"46":1,"47":11,"48":1,"49":10,"50":10,"51":10,"52":10,"53":0,"54":0,"55":3,"56":3,"57":3,"58":3,"59":1,"60":2,"61":1,"62":1,"63":1,"64":1,"65":1,"66":0,"67":0,"68":1,"69":0,"70":1,"71":1,"72":1,"73":1,"74":0,"75":1,"76":1,"77":4,"78":2,"79":4,"80":4,"81":1,"82":1,"83":0,"84":0,"85":3,"86":3,"87":3,"88":3,"89":1,"90":2,"91":1,"92":1,"93":1,"94":1,"95":1,"96":0,"97":0,"98":1},"f":{"0":15,"1":15,"2":12,"3":6,"4":12,"5":3,"6":1,"7":3},"b":{"0":[15],"1":[1],"2":[0],"3":[1],"4":[5,4],"5":[5,4],"6":[4],"7":[1],"8":[1],"9":[11,6,2],"10":[1],"11":[1],"12":[2,1,1],"13":[0],"14":[0],"15":[2],"16":[2,2],"17":[2,2],"18":[4],"19":[1],"20":[1],"21":[2,1,1]}}
}
