{"/Users/juancho/Courses/src/bc-cancer/fetch-faux-data-demo/src/ItemCheckerDemo/src/ListManager.ts": {"path":"/Users/juancho/Courses/src/bc-cancer/fetch-faux-data-demo/src/ItemCheckerDemo/src/ListManager.ts","statementMap":{"0":{"start":{"line":2,"column":0},"end":{"line":2,"column":25}},"1":{"start":{"line":3,"column":0},"end":{"line":3,"column":29}},"2":{"start":{"line":8,"column":12},"end":{"line":8,"column":80}},"3":{"start":{"line":18,"column":8},"end":{"line":20,"column":9}},"4":{"start":{"line":19,"column":12},"end":{"line":19,"column":52}},"5":{"start":{"line":22,"column":8},"end":{"line":22,"column":83}},"6":{"start":{"line":24,"column":8},"end":{"line":26,"column":9}},"7":{"start":{"line":25,"column":12},"end":{"line":25,"column":48}},"8":{"start":{"line":32,"column":8},"end":{"line":38,"column":9}},"9":{"start":{"line":33,"column":25},"end":{"line":33,"column":59}},"10":{"start":{"line":34,"column":12},"end":{"line":34,"column":50}},"11":{"start":{"line":36,"column":12},"end":{"line":36,"column":68}},"12":{"start":{"line":37,"column":12},"end":{"line":37,"column":24}},"13":{"start":{"line":43,"column":8},"end":{"line":47,"column":9}},"14":{"start":{"line":44,"column":12},"end":{"line":44,"column":79}},"15":{"start":{"line":46,"column":12},"end":{"line":46,"column":68}},"16":{"start":{"line":52,"column":8},"end":{"line":54,"column":9}},"17":{"start":{"line":53,"column":12},"end":{"line":53,"column":44}},"18":{"start":{"line":55,"column":22},"end":{"line":55,"column":59}},"19":{"start":{"line":57,"column":22},"end":{"line":60,"column":58}},"20":{"start":{"line":58,"column":28},"end":{"line":58,"column":50}},"21":{"start":{"line":59,"column":25},"end":{"line":59,"column":82}},"22":{"start":{"line":60,"column":28},"end":{"line":60,"column":41}},"23":{"start":{"line":61,"column":8},"end":{"line":61,"column":28}},"24":{"start":{"line":65,"column":25},"end":{"line":65,"column":82}},"25":{"start":{"line":66,"column":8},"end":{"line":68,"column":9}},"26":{"start":{"line":67,"column":12},"end":{"line":67,"column":66}},"27":{"start":{"line":69,"column":8},"end":{"line":69,"column":43}},"28":{"start":{"line":70,"column":8},"end":{"line":70,"column":53}},"29":{"start":{"line":74,"column":25},"end":{"line":74,"column":77}},"30":{"start":{"line":76,"column":8},"end":{"line":84,"column":9}},"31":{"start":{"line":78,"column":25},"end":{"line":78,"column":52}},"32":{"start":{"line":80,"column":12},"end":{"line":82,"column":13}},"33":{"start":{"line":81,"column":16},"end":{"line":81,"column":60}},"34":{"start":{"line":83,"column":12},"end":{"line":83,"column":31}},"35":{"start":{"line":85,"column":8},"end":{"line":85,"column":52}},"36":{"start":{"line":90,"column":25},"end":{"line":90,"column":77}},"37":{"start":{"line":91,"column":8},"end":{"line":102,"column":9}},"38":{"start":{"line":92,"column":25},"end":{"line":92,"column":52}},"39":{"start":{"line":93,"column":12},"end":{"line":99,"column":13}},"40":{"start":{"line":94,"column":16},"end":{"line":94,"column":60}},"41":{"start":{"line":95,"column":16},"end":{"line":95,"column":51}},"42":{"start":{"line":96,"column":16},"end":{"line":96,"column":67}},"43":{"start":{"line":98,"column":16},"end":{"line":98,"column":86}},"44":{"start":{"line":101,"column":12},"end":{"line":101,"column":56}},"45":{"start":{"line":103,"column":8},"end":{"line":103,"column":59}},"46":{"start":{"line":107,"column":25},"end":{"line":107,"column":77}},"47":{"start":{"line":108,"column":8},"end":{"line":119,"column":9}},"48":{"start":{"line":109,"column":25},"end":{"line":109,"column":52}},"49":{"start":{"line":110,"column":12},"end":{"line":118,"column":13}},"50":{"start":{"line":112,"column":16},"end":{"line":112,"column":53}},"51":{"start":{"line":113,"column":16},"end":{"line":113,"column":42}},"52":{"start":{"line":114,"column":16},"end":{"line":114,"column":51}},"53":{"start":{"line":115,"column":16},"end":{"line":115,"column":74}},"54":{"start":{"line":117,"column":16},"end":{"line":117,"column":86}},"55":{"start":{"line":120,"column":8},"end":{"line":120,"column":52}},"56":{"start":{"line":124,"column":25},"end":{"line":124,"column":77}},"57":{"start":{"line":125,"column":8},"end":{"line":134,"column":9}},"58":{"start":{"line":126,"column":25},"end":{"line":126,"column":52}},"59":{"start":{"line":127,"column":12},"end":{"line":133,"column":13}},"60":{"start":{"line":128,"column":16},"end":{"line":128,"column":35}},"61":{"start":{"line":129,"column":16},"end":{"line":129,"column":51}},"62":{"start":{"line":130,"column":16},"end":{"line":130,"column":71}},"63":{"start":{"line":132,"column":16},"end":{"line":132,"column":86}},"64":{"start":{"line":135,"column":8},"end":{"line":135,"column":52}},"65":{"start":{"line":141,"column":9},"end":{"line":141,"column":20}}},"fnMap":{"0":{"name":"(anonymous_6)","decl":{"start":{"line":12,"column":4},"end":{"line":12,"column":16}},"loc":{"start":{"line":12,"column":36},"end":{"line":28,"column":5}}},"1":{"name":"(anonymous_7)","decl":{"start":{"line":31,"column":12},"end":{"line":31,"column":24}},"loc":{"start":{"line":31,"column":41},"end":{"line":39,"column":5}}},"2":{"name":"(anonymous_8)","decl":{"start":{"line":42,"column":12},"end":{"line":42,"column":25}},"loc":{"start":{"line":42,"column":60},"end":{"line":48,"column":5}}},"3":{"name":"(anonymous_9)","decl":{"start":{"line":51,"column":11},"end":{"line":51,"column":22}},"loc":{"start":{"line":51,"column":22},"end":{"line":62,"column":5}}},"4":{"name":"(anonymous_10)","decl":{"start":{"line":58,"column":20},"end":{"line":58,"column":24}},"loc":{"start":{"line":58,"column":28},"end":{"line":58,"column":50}}},"5":{"name":"(anonymous_11)","decl":{"start":{"line":59,"column":17},"end":{"line":59,"column":21}},"loc":{"start":{"line":59,"column":25},"end":{"line":59,"column":82}}},"6":{"name":"(anonymous_12)","decl":{"start":{"line":60,"column":20},"end":{"line":60,"column":24}},"loc":{"start":{"line":60,"column":28},"end":{"line":60,"column":41}}},"7":{"name":"(anonymous_13)","decl":{"start":{"line":64,"column":11},"end":{"line":64,"column":18}},"loc":{"start":{"line":64,"column":35},"end":{"line":71,"column":5}}},"8":{"name":"(anonymous_14)","decl":{"start":{"line":73,"column":11},"end":{"line":73,"column":18}},"loc":{"start":{"line":73,"column":49},"end":{"line":86,"column":5}}},"9":{"name":"(anonymous_15)","decl":{"start":{"line":89,"column":11},"end":{"line":89,"column":21}},"loc":{"start":{"line":89,"column":69},"end":{"line":104,"column":5}}},"10":{"name":"(anonymous_16)","decl":{"start":{"line":106,"column":11},"end":{"line":106,"column":28}},"loc":{"start":{"line":106,"column":83},"end":{"line":121,"column":5}}},"11":{"name":"(anonymous_17)","decl":{"start":{"line":123,"column":11},"end":{"line":123,"column":24}},"loc":{"start":{"line":123,"column":55},"end":{"line":136,"column":5}}}},"branchMap":{"0":{"loc":{"start":{"line":18,"column":8},"end":{"line":20,"column":9}},"type":"if","locations":[{"start":{"line":18,"column":8},"end":{"line":20,"column":9}}]},"1":{"loc":{"start":{"line":24,"column":8},"end":{"line":26,"column":9}},"type":"if","locations":[{"start":{"line":24,"column":8},"end":{"line":26,"column":9}}]},"2":{"loc":{"start":{"line":52,"column":8},"end":{"line":54,"column":9}},"type":"if","locations":[{"start":{"line":52,"column":8},"end":{"line":54,"column":9}}]},"3":{"loc":{"start":{"line":66,"column":8},"end":{"line":68,"column":9}},"type":"if","locations":[{"start":{"line":66,"column":8},"end":{"line":68,"column":9}}]},"4":{"loc":{"start":{"line":76,"column":8},"end":{"line":84,"column":9}},"type":"if","locations":[{"start":{"line":76,"column":8},"end":{"line":84,"column":9}}]},"5":{"loc":{"start":{"line":80,"column":12},"end":{"line":82,"column":13}},"type":"if","locations":[{"start":{"line":80,"column":12},"end":{"line":82,"column":13}}]},"6":{"loc":{"start":{"line":91,"column":8},"end":{"line":102,"column":9}},"type":"if","locations":[{"start":{"line":91,"column":8},"end":{"line":102,"column":9}},{"start":{"line":100,"column":15},"end":{"line":102,"column":9}}]},"7":{"loc":{"start":{"line":93,"column":12},"end":{"line":99,"column":13}},"type":"if","locations":[{"start":{"line":93,"column":12},"end":{"line":99,"column":13}},{"start":{"line":97,"column":19},"end":{"line":99,"column":13}}]},"8":{"loc":{"start":{"line":93,"column":16},"end":{"line":93,"column":103}},"type":"binary-expr","locations":[{"start":{"line":93,"column":16},"end":{"line":93,"column":20}},{"start":{"line":93,"column":25},"end":{"line":93,"column":48}},{"start":{"line":93,"column":52},"end":{"line":93,"column":75}},{"start":{"line":93,"column":79},"end":{"line":93,"column":102}}]},"9":{"loc":{"start":{"line":108,"column":8},"end":{"line":119,"column":9}},"type":"if","locations":[{"start":{"line":108,"column":8},"end":{"line":119,"column":9}}]},"10":{"loc":{"start":{"line":110,"column":12},"end":{"line":118,"column":13}},"type":"if","locations":[{"start":{"line":110,"column":12},"end":{"line":118,"column":13}},{"start":{"line":116,"column":19},"end":{"line":118,"column":13}}]},"11":{"loc":{"start":{"line":110,"column":16},"end":{"line":110,"column":103}},"type":"binary-expr","locations":[{"start":{"line":110,"column":16},"end":{"line":110,"column":20}},{"start":{"line":110,"column":25},"end":{"line":110,"column":48}},{"start":{"line":110,"column":52},"end":{"line":110,"column":75}},{"start":{"line":110,"column":79},"end":{"line":110,"column":102}}]},"12":{"loc":{"start":{"line":125,"column":8},"end":{"line":134,"column":9}},"type":"if","locations":[{"start":{"line":125,"column":8},"end":{"line":134,"column":9}}]},"13":{"loc":{"start":{"line":127,"column":12},"end":{"line":133,"column":13}},"type":"if","locations":[{"start":{"line":127,"column":12},"end":{"line":133,"column":13}},{"start":{"line":131,"column":19},"end":{"line":133,"column":13}}]},"14":{"loc":{"start":{"line":127,"column":16},"end":{"line":127,"column":103}},"type":"binary-expr","locations":[{"start":{"line":127,"column":16},"end":{"line":127,"column":20}},{"start":{"line":127,"column":25},"end":{"line":127,"column":48}},{"start":{"line":127,"column":52},"end":{"line":127,"column":75}},{"start":{"line":127,"column":79},"end":{"line":127,"column":102}}]}},"s":{"0":1,"1":1,"2":15,"3":15,"4":0,"5":15,"6":15,"7":15,"8":22,"9":22,"10":22,"11":0,"12":0,"13":23,"14":23,"15":0,"16":1,"17":0,"18":1,"19":1,"20":2,"21":2,"22":2,"23":1,"24":12,"25":12,"26":1,"27":11,"28":11,"29":6,"30":6,"31":5,"32":5,"33":0,"34":5,"35":1,"36":12,"37":12,"38":11,"39":11,"40":10,"41":10,"42":10,"43":1,"44":1,"45":0,"46":3,"47":3,"48":2,"49":2,"50":1,"51":1,"52":1,"53":1,"54":1,"55":1,"56":3,"57":3,"58":2,"59":2,"60":1,"61":1,"62":1,"63":1,"64":1,"65":1},"f":{"0":15,"1":22,"2":23,"3":1,"4":2,"5":2,"6":2,"7":12,"8":6,"9":12,"10":3,"11":3},"b":{"0":[0],"1":[15],"2":[0],"3":[1],"4":[5],"5":[0],"6":[11,1],"7":[10,1],"8":[11,11,6,2],"9":[2],"10":[1,1],"11":[2,2,1,1],"12":[2],"13":[1,1],"14":[2,2,1,1]}}
,"/Users/juancho/Courses/src/bc-cancer/fetch-faux-data-demo/src/ItemCheckerDemo/tests/TaskManagerTestRunner.ts": {"path":"/Users/juancho/Courses/src/bc-cancer/fetch-faux-data-demo/src/ItemCheckerDemo/tests/TaskManagerTestRunner.ts","statementMap":{"0":{"start":{"line":10,"column":0},"end":{"line":10,"column":16}},"1":{"start":{"line":11,"column":4},"end":{"line":413,"column":7}},"2":{"start":{"line":16,"column":8},"end":{"line":46,"column":11}},"3":{"start":{"line":17,"column":32},"end":{"line":17,"column":65}},"4":{"start":{"line":18,"column":37},"end":{"line":27,"column":14}},"5":{"start":{"line":29,"column":36},"end":{"line":29,"column":61}},"6":{"start":{"line":31,"column":12},"end":{"line":31,"column":38}},"7":{"start":{"line":32,"column":12},"end":{"line":32,"column":57}},"8":{"start":{"line":35,"column":37},"end":{"line":35,"column":98}},"9":{"start":{"line":36,"column":12},"end":{"line":36,"column":39}},"10":{"start":{"line":38,"column":12},"end":{"line":38,"column":51}},"11":{"start":{"line":39,"column":12},"end":{"line":39,"column":52}},"12":{"start":{"line":40,"column":12},"end":{"line":40,"column":52}},"13":{"start":{"line":41,"column":12},"end":{"line":41,"column":52}},"14":{"start":{"line":42,"column":12},"end":{"line":42,"column":71}},"15":{"start":{"line":43,"column":12},"end":{"line":43,"column":49}},"16":{"start":{"line":44,"column":12},"end":{"line":44,"column":52}},"17":{"start":{"line":45,"column":12},"end":{"line":45,"column":51}},"18":{"start":{"line":51,"column":8},"end":{"line":73,"column":11}},"19":{"start":{"line":52,"column":32},"end":{"line":52,"column":65}},"20":{"start":{"line":53,"column":41},"end":{"line":62,"column":14}},"21":{"start":{"line":64,"column":36},"end":{"line":64,"column":65}},"22":{"start":{"line":66,"column":12},"end":{"line":66,"column":38}},"23":{"start":{"line":67,"column":12},"end":{"line":67,"column":57}},"24":{"start":{"line":69,"column":38},"end":{"line":69,"column":67}},"25":{"start":{"line":71,"column":12},"end":{"line":71,"column":39}},"26":{"start":{"line":72,"column":12},"end":{"line":72,"column":67}},"27":{"start":{"line":78,"column":8},"end":{"line":104,"column":11}},"28":{"start":{"line":79,"column":32},"end":{"line":79,"column":65}},"29":{"start":{"line":80,"column":41},"end":{"line":89,"column":14}},"30":{"start":{"line":91,"column":12},"end":{"line":91,"column":42}},"31":{"start":{"line":93,"column":28},"end":{"line":93,"column":47}},"32":{"start":{"line":94,"column":25},"end":{"line":94,"column":32}},"33":{"start":{"line":95,"column":35},"end":{"line":95,"column":81}},"34":{"start":{"line":97,"column":12},"end":{"line":97,"column":38}},"35":{"start":{"line":98,"column":12},"end":{"line":98,"column":67}},"36":{"start":{"line":101,"column":37},"end":{"line":101,"column":98}},"37":{"start":{"line":102,"column":12},"end":{"line":102,"column":39}},"38":{"start":{"line":103,"column":12},"end":{"line":103,"column":72}},"39":{"start":{"line":109,"column":8},"end":{"line":152,"column":11}},"40":{"start":{"line":110,"column":32},"end":{"line":110,"column":65}},"41":{"start":{"line":111,"column":41},"end":{"line":120,"column":14}},"42":{"start":{"line":122,"column":12},"end":{"line":122,"column":42}},"43":{"start":{"line":124,"column":29},"end":{"line":124,"column":59}},"44":{"start":{"line":125,"column":29},"end":{"line":125,"column":59}},"45":{"start":{"line":126,"column":29},"end":{"line":126,"column":59}},"46":{"start":{"line":128,"column":33},"end":{"line":128,"column":83}},"47":{"start":{"line":130,"column":12},"end":{"line":130,"column":38}},"48":{"start":{"line":131,"column":12},"end":{"line":131,"column":67}},"49":{"start":{"line":133,"column":12},"end":{"line":133,"column":80}},"50":{"start":{"line":135,"column":12},"end":{"line":135,"column":38}},"51":{"start":{"line":136,"column":12},"end":{"line":136,"column":67}},"52":{"start":{"line":138,"column":12},"end":{"line":138,"column":80}},"53":{"start":{"line":140,"column":12},"end":{"line":140,"column":38}},"54":{"start":{"line":141,"column":12},"end":{"line":141,"column":67}},"55":{"start":{"line":144,"column":37},"end":{"line":144,"column":98}},"56":{"start":{"line":145,"column":12},"end":{"line":145,"column":39}},"57":{"start":{"line":146,"column":12},"end":{"line":146,"column":55}},"58":{"start":{"line":148,"column":29},"end":{"line":148,"column":45}},"59":{"start":{"line":149,"column":12},"end":{"line":149,"column":63}},"60":{"start":{"line":150,"column":12},"end":{"line":150,"column":63}},"61":{"start":{"line":151,"column":12},"end":{"line":151,"column":63}},"62":{"start":{"line":157,"column":8},"end":{"line":165,"column":11}},"63":{"start":{"line":158,"column":32},"end":{"line":158,"column":65}},"64":{"start":{"line":159,"column":28},"end":{"line":159,"column":47}},"65":{"start":{"line":160,"column":25},"end":{"line":160,"column":32}},"66":{"start":{"line":161,"column":35},"end":{"line":161,"column":81}},"67":{"start":{"line":163,"column":12},"end":{"line":163,"column":38}},"68":{"start":{"line":164,"column":12},"end":{"line":164,"column":60}},"69":{"start":{"line":170,"column":8},"end":{"line":191,"column":11}},"70":{"start":{"line":171,"column":32},"end":{"line":171,"column":65}},"71":{"start":{"line":172,"column":41},"end":{"line":181,"column":14}},"72":{"start":{"line":183,"column":12},"end":{"line":183,"column":42}},"73":{"start":{"line":185,"column":28},"end":{"line":185,"column":47}},"74":{"start":{"line":186,"column":25},"end":{"line":186,"column":32}},"75":{"start":{"line":187,"column":35},"end":{"line":187,"column":81}},"76":{"start":{"line":189,"column":12},"end":{"line":189,"column":38}},"77":{"start":{"line":190,"column":12},"end":{"line":190,"column":84}},"78":{"start":{"line":196,"column":8},"end":{"line":202,"column":11}},"79":{"start":{"line":197,"column":32},"end":{"line":197,"column":65}},"80":{"start":{"line":198,"column":35},"end":{"line":198,"column":76}},"81":{"start":{"line":200,"column":12},"end":{"line":200,"column":35}},"82":{"start":{"line":201,"column":12},"end":{"line":201,"column":61}},"83":{"start":{"line":207,"column":8},"end":{"line":269,"column":11}},"84":{"start":{"line":208,"column":32},"end":{"line":208,"column":65}},"85":{"start":{"line":209,"column":42},"end":{"line":218,"column":14}},"86":{"start":{"line":220,"column":42},"end":{"line":229,"column":14}},"87":{"start":{"line":231,"column":12},"end":{"line":231,"column":43}},"88":{"start":{"line":232,"column":12},"end":{"line":232,"column":43}},"89":{"start":{"line":235,"column":12},"end":{"line":235,"column":65}},"90":{"start":{"line":236,"column":12},"end":{"line":236,"column":65}},"91":{"start":{"line":237,"column":12},"end":{"line":237,"column":65}},"92":{"start":{"line":238,"column":12},"end":{"line":238,"column":65}},"93":{"start":{"line":240,"column":35},"end":{"line":240,"column":86}},"94":{"start":{"line":242,"column":12},"end":{"line":242,"column":35}},"95":{"start":{"line":243,"column":12},"end":{"line":243,"column":42}},"96":{"start":{"line":245,"column":26},"end":{"line":245,"column":35}},"97":{"start":{"line":246,"column":26},"end":{"line":246,"column":35}},"98":{"start":{"line":248,"column":12},"end":{"line":248,"column":49}},"99":{"start":{"line":249,"column":12},"end":{"line":249,"column":50}},"100":{"start":{"line":250,"column":12},"end":{"line":250,"column":50}},"101":{"start":{"line":251,"column":12},"end":{"line":251,"column":50}},"102":{"start":{"line":252,"column":12},"end":{"line":252,"column":50}},"103":{"start":{"line":253,"column":12},"end":{"line":253,"column":64}},"104":{"start":{"line":254,"column":12},"end":{"line":254,"column":64}},"105":{"start":{"line":255,"column":12},"end":{"line":255,"column":69}},"106":{"start":{"line":256,"column":12},"end":{"line":256,"column":50}},"107":{"start":{"line":257,"column":12},"end":{"line":257,"column":49}},"108":{"start":{"line":259,"column":12},"end":{"line":259,"column":49}},"109":{"start":{"line":260,"column":12},"end":{"line":260,"column":50}},"110":{"start":{"line":261,"column":12},"end":{"line":261,"column":50}},"111":{"start":{"line":262,"column":12},"end":{"line":262,"column":50}},"112":{"start":{"line":263,"column":12},"end":{"line":263,"column":50}},"113":{"start":{"line":264,"column":12},"end":{"line":264,"column":64}},"114":{"start":{"line":265,"column":12},"end":{"line":265,"column":64}},"115":{"start":{"line":266,"column":12},"end":{"line":266,"column":69}},"116":{"start":{"line":267,"column":12},"end":{"line":267,"column":50}},"117":{"start":{"line":268,"column":12},"end":{"line":268,"column":49}},"118":{"start":{"line":276,"column":8},"end":{"line":302,"column":11}},"119":{"start":{"line":277,"column":32},"end":{"line":277,"column":66}},"120":{"start":{"line":278,"column":41},"end":{"line":287,"column":14}},"121":{"start":{"line":289,"column":12},"end":{"line":289,"column":42}},"122":{"start":{"line":291,"column":35},"end":{"line":291,"column":61}},"123":{"start":{"line":292,"column":25},"end":{"line":292,"column":32}},"124":{"start":{"line":293,"column":35},"end":{"line":293,"column":95}},"125":{"start":{"line":295,"column":12},"end":{"line":295,"column":38}},"126":{"start":{"line":296,"column":12},"end":{"line":296,"column":74}},"127":{"start":{"line":298,"column":37},"end":{"line":298,"column":95}},"128":{"start":{"line":300,"column":12},"end":{"line":300,"column":67}},"129":{"start":{"line":301,"column":12},"end":{"line":301,"column":56}},"130":{"start":{"line":307,"column":8},"end":{"line":315,"column":11}},"131":{"start":{"line":308,"column":32},"end":{"line":308,"column":66}},"132":{"start":{"line":309,"column":35},"end":{"line":309,"column":61}},"133":{"start":{"line":310,"column":25},"end":{"line":310,"column":32}},"134":{"start":{"line":311,"column":35},"end":{"line":311,"column":95}},"135":{"start":{"line":313,"column":12},"end":{"line":313,"column":38}},"136":{"start":{"line":314,"column":12},"end":{"line":314,"column":60}},"137":{"start":{"line":320,"column":8},"end":{"line":341,"column":11}},"138":{"start":{"line":321,"column":32},"end":{"line":321,"column":66}},"139":{"start":{"line":322,"column":41},"end":{"line":331,"column":14}},"140":{"start":{"line":333,"column":12},"end":{"line":333,"column":42}},"141":{"start":{"line":335,"column":35},"end":{"line":335,"column":61}},"142":{"start":{"line":336,"column":25},"end":{"line":336,"column":32}},"143":{"start":{"line":337,"column":35},"end":{"line":337,"column":95}},"144":{"start":{"line":339,"column":12},"end":{"line":339,"column":38}},"145":{"start":{"line":340,"column":12},"end":{"line":340,"column":84}},"146":{"start":{"line":346,"column":8},"end":{"line":373,"column":11}},"147":{"start":{"line":347,"column":32},"end":{"line":347,"column":66}},"148":{"start":{"line":348,"column":41},"end":{"line":357,"column":14}},"149":{"start":{"line":359,"column":12},"end":{"line":359,"column":42}},"150":{"start":{"line":361,"column":12},"end":{"line":361,"column":65}},"151":{"start":{"line":362,"column":12},"end":{"line":362,"column":65}},"152":{"start":{"line":364,"column":25},"end":{"line":364,"column":32}},"153":{"start":{"line":365,"column":35},"end":{"line":365,"column":75}},"154":{"start":{"line":367,"column":12},"end":{"line":367,"column":38}},"155":{"start":{"line":368,"column":12},"end":{"line":368,"column":71}},"156":{"start":{"line":370,"column":37},"end":{"line":370,"column":95}},"157":{"start":{"line":372,"column":12},"end":{"line":372,"column":55}},"158":{"start":{"line":378,"column":8},"end":{"line":385,"column":11}},"159":{"start":{"line":379,"column":32},"end":{"line":379,"column":66}},"160":{"start":{"line":380,"column":25},"end":{"line":380,"column":32}},"161":{"start":{"line":381,"column":35},"end":{"line":381,"column":75}},"162":{"start":{"line":383,"column":12},"end":{"line":383,"column":38}},"163":{"start":{"line":384,"column":12},"end":{"line":384,"column":60}},"164":{"start":{"line":390,"column":8},"end":{"line":410,"column":11}},"165":{"start":{"line":391,"column":32},"end":{"line":391,"column":66}},"166":{"start":{"line":392,"column":41},"end":{"line":401,"column":14}},"167":{"start":{"line":403,"column":12},"end":{"line":403,"column":42}},"168":{"start":{"line":405,"column":25},"end":{"line":405,"column":32}},"169":{"start":{"line":406,"column":35},"end":{"line":406,"column":76}},"170":{"start":{"line":408,"column":12},"end":{"line":408,"column":38}},"171":{"start":{"line":409,"column":12},"end":{"line":409,"column":85}}},"fnMap":{"0":{"name":"runTaskManagerTests","decl":{"start":{"line":10,"column":16},"end":{"line":10,"column":35}},"loc":{"start":{"line":10,"column":93},"end":{"line":415,"column":1}}},"1":{"name":"(anonymous_1)","decl":{"start":{"line":11,"column":44},"end":{"line":11,"column":47}},"loc":{"start":{"line":11,"column":49},"end":{"line":413,"column":5}}},"2":{"name":"(anonymous_2)","decl":{"start":{"line":16,"column":59},"end":{"line":16,"column":62}},"loc":{"start":{"line":16,"column":64},"end":{"line":46,"column":9}}},"3":{"name":"(anonymous_3)","decl":{"start":{"line":51,"column":65},"end":{"line":51,"column":68}},"loc":{"start":{"line":51,"column":70},"end":{"line":73,"column":9}}},"4":{"name":"(anonymous_4)","decl":{"start":{"line":78,"column":58},"end":{"line":78,"column":61}},"loc":{"start":{"line":78,"column":63},"end":{"line":104,"column":9}}},"5":{"name":"(anonymous_5)","decl":{"start":{"line":109,"column":81},"end":{"line":109,"column":84}},"loc":{"start":{"line":109,"column":86},"end":{"line":152,"column":9}}},"6":{"name":"(anonymous_6)","decl":{"start":{"line":157,"column":68},"end":{"line":157,"column":71}},"loc":{"start":{"line":157,"column":73},"end":{"line":165,"column":9}}},"7":{"name":"(anonymous_7)","decl":{"start":{"line":170,"column":72},"end":{"line":170,"column":75}},"loc":{"start":{"line":170,"column":77},"end":{"line":191,"column":9}}},"8":{"name":"(anonymous_8)","decl":{"start":{"line":196,"column":65},"end":{"line":196,"column":68}},"loc":{"start":{"line":196,"column":70},"end":{"line":202,"column":9}}},"9":{"name":"(anonymous_9)","decl":{"start":{"line":207,"column":52},"end":{"line":207,"column":55}},"loc":{"start":{"line":207,"column":57},"end":{"line":269,"column":9}}},"10":{"name":"(anonymous_10)","decl":{"start":{"line":276,"column":72},"end":{"line":276,"column":75}},"loc":{"start":{"line":276,"column":77},"end":{"line":302,"column":9}}},"11":{"name":"(anonymous_11)","decl":{"start":{"line":307,"column":75},"end":{"line":307,"column":78}},"loc":{"start":{"line":307,"column":80},"end":{"line":315,"column":9}}},"12":{"name":"(anonymous_12)","decl":{"start":{"line":320,"column":79},"end":{"line":320,"column":82}},"loc":{"start":{"line":320,"column":84},"end":{"line":341,"column":9}}},"13":{"name":"(anonymous_13)","decl":{"start":{"line":346,"column":63},"end":{"line":346,"column":66}},"loc":{"start":{"line":346,"column":68},"end":{"line":373,"column":9}}},"14":{"name":"(anonymous_14)","decl":{"start":{"line":378,"column":71},"end":{"line":378,"column":74}},"loc":{"start":{"line":378,"column":76},"end":{"line":385,"column":9}}},"15":{"name":"(anonymous_15)","decl":{"start":{"line":390,"column":75},"end":{"line":390,"column":78}},"loc":{"start":{"line":390,"column":80},"end":{"line":410,"column":9}}}},"branchMap":{},"s":{"0":1,"1":1,"2":1,"3":1,"4":1,"5":1,"6":1,"7":1,"8":1,"9":1,"10":1,"11":1,"12":1,"13":1,"14":1,"15":1,"16":1,"17":1,"18":1,"19":1,"20":1,"21":1,"22":1,"23":1,"24":1,"25":1,"26":1,"27":1,"28":1,"29":1,"30":1,"31":1,"32":1,"33":1,"34":1,"35":1,"36":1,"37":1,"38":1,"39":1,"40":1,"41":1,"42":1,"43":1,"44":1,"45":1,"46":1,"47":1,"48":1,"49":1,"50":1,"51":1,"52":1,"53":1,"54":1,"55":1,"56":1,"57":1,"58":1,"59":1,"60":1,"61":1,"62":1,"63":1,"64":1,"65":1,"66":1,"67":1,"68":1,"69":1,"70":1,"71":1,"72":1,"73":1,"74":1,"75":1,"76":1,"77":1,"78":1,"79":1,"80":1,"81":1,"82":1,"83":1,"84":1,"85":1,"86":1,"87":1,"88":1,"89":1,"90":1,"91":1,"92":1,"93":1,"94":1,"95":1,"96":1,"97":1,"98":1,"99":1,"100":1,"101":1,"102":1,"103":1,"104":1,"105":1,"106":1,"107":1,"108":1,"109":1,"110":1,"111":1,"112":1,"113":1,"114":1,"115":1,"116":1,"117":1,"118":1,"119":1,"120":1,"121":1,"122":1,"123":1,"124":1,"125":1,"126":1,"127":1,"128":1,"129":1,"130":1,"131":1,"132":1,"133":1,"134":1,"135":1,"136":1,"137":1,"138":1,"139":1,"140":1,"141":1,"142":1,"143":1,"144":1,"145":1,"146":1,"147":1,"148":1,"149":1,"150":1,"151":1,"152":1,"153":1,"154":1,"155":1,"156":1,"157":1,"158":1,"159":1,"160":1,"161":1,"162":1,"163":1,"164":1,"165":1,"166":1,"167":1,"168":1,"169":1,"170":1,"171":1},"f":{"0":1,"1":1,"2":1,"3":1,"4":1,"5":1,"6":1,"7":1,"8":1,"9":1,"10":1,"11":1,"12":1,"13":1,"14":1,"15":1},"b":{}}
}
