TN:
SF:src/ItemCheckerDemo/src/SQLiteContainer.ts
FN:33,(anonymous_1)
FN:55,(anonymous_2)
FN:86,(anonymous_3)
FN:112,(anonymous_4)
FN:168,(anonymous_5)
FN:197,(anonymous_6)
FN:224,(anonymous_7)
FN:284,(anonymous_8)
FNF:8
FNH:8
FNDA:15,(anonymous_1)
FNDA:15,(anonymous_2)
FNDA:12,(anonymous_3)
FNDA:6,(anonymous_4)
FNDA:12,(anonymous_5)
FNDA:3,(anonymous_6)
FNDA:1,(anonymous_7)
FNDA:3,(anonymous_8)
DA:1,1
DA:2,1
DA:3,1
DA:34,15
DA:35,15
DA:36,15
DA:39,15
DA:40,15
DA:41,15
DA:45,15
DA:46,15
DA:49,15
DA:56,15
DA:67,15
DA:69,15
DA:78,15
DA:87,12
DA:91,12
DA:92,12
DA:93,12
DA:94,11
DA:95,11
DA:97,1
DA:98,1
DA:99,1
DA:101,0
DA:102,0
DA:113,6
DA:114,0
DA:117,6
DA:119,6
DA:128,6
DA:130,6
DA:131,1
DA:135,5
DA:136,5
DA:148,5
DA:149,7
DA:150,4
DA:154,5
DA:156,0
DA:157,0
DA:169,12
DA:170,12
DA:171,12
DA:173,12
DA:174,1
DA:177,11
DA:178,1
DA:181,10
DA:182,10
DA:183,10
DA:184,10
DA:186,0
DA:187,0
DA:198,3
DA:199,3
DA:200,3
DA:202,3
DA:203,1
DA:206,2
DA:207,1
DA:210,1
DA:211,1
DA:212,1
DA:213,1
DA:215,0
DA:216,0
DA:225,1
DA:226,0
DA:229,1
DA:231,1
DA:239,1
DA:241,1
DA:242,0
DA:246,1
DA:248,1
DA:249,4
DA:250,2
DA:262,4
DA:263,4
DA:268,1
DA:270,1
DA:272,0
DA:273,0
DA:285,3
DA:286,3
DA:287,3
DA:289,3
DA:290,1
DA:293,2
DA:294,1
DA:297,1
DA:298,1
DA:299,1
DA:300,1
DA:302,0
DA:303,0
DA:308,1
LF:99
LH:84
BRDA:39,0,0,15
BRDA:97,1,0,1
BRDA:113,2,0,0
BRDA:130,3,0,1
BRDA:142,4,0,5
BRDA:142,4,1,4
BRDA:143,5,0,5
BRDA:143,5,1,4
BRDA:149,6,0,4
BRDA:173,7,0,1
BRDA:177,8,0,1
BRDA:177,9,0,11
BRDA:177,9,1,6
BRDA:177,9,2,2
BRDA:202,10,0,1
BRDA:206,11,0,1
BRDA:206,12,0,2
BRDA:206,12,1,1
BRDA:206,12,2,1
BRDA:225,13,0,0
BRDA:241,14,0,0
BRDA:249,15,0,2
BRDA:256,16,0,2
BRDA:256,16,1,2
BRDA:257,17,0,2
BRDA:257,17,1,2
BRDA:262,18,0,4
BRDA:289,19,0,1
BRDA:293,20,0,1
BRDA:293,21,0,2
BRDA:293,21,1,1
BRDA:293,21,2,1
BRF:32
BRH:29
end_of_record
