TN:
SF:src/ItemCheckerDemo/src/ListManager.ts
FN:12,(anonymous_6)
FN:31,(anonymous_7)
FN:42,(anonymous_8)
FN:51,(anonymous_9)
FN:58,(anonymous_10)
FN:59,(anonymous_11)
FN:60,(anonymous_12)
FN:64,(anonymous_13)
FN:73,(anonymous_14)
FN:89,(anonymous_15)
FN:106,(anonymous_16)
FN:123,(anonymous_17)
FNF:12
FNH:12
FNDA:15,(anonymous_6)
FNDA:22,(anonymous_7)
FNDA:23,(anonymous_8)
FNDA:1,(anonymous_9)
FNDA:2,(anonymous_10)
FNDA:2,(anonymous_11)
FNDA:2,(anonymous_12)
FNDA:12,(anonymous_13)
FNDA:6,(anonymous_14)
FNDA:12,(anonymous_15)
FNDA:3,(anonymous_16)
FNDA:3,(anonymous_17)
DA:2,1
DA:3,1
DA:8,15
DA:18,15
DA:19,0
DA:22,15
DA:24,15
DA:25,15
DA:32,22
DA:33,22
DA:34,22
DA:36,0
DA:37,0
DA:43,23
DA:44,23
DA:46,0
DA:52,1
DA:53,0
DA:55,1
DA:57,1
DA:58,2
DA:59,2
DA:60,2
DA:61,1
DA:65,12
DA:66,12
DA:67,1
DA:69,11
DA:70,11
DA:74,6
DA:76,6
DA:78,5
DA:80,5
DA:81,0
DA:83,5
DA:85,1
DA:90,12
DA:91,12
DA:92,11
DA:93,11
DA:94,10
DA:95,10
DA:96,10
DA:98,1
DA:101,1
DA:103,0
DA:107,3
DA:108,3
DA:109,2
DA:110,2
DA:112,1
DA:113,1
DA:114,1
DA:115,1
DA:117,1
DA:120,1
DA:124,3
DA:125,3
DA:126,2
DA:127,2
DA:128,1
DA:129,1
DA:130,1
DA:132,1
DA:135,1
DA:141,1
LF:66
LH:59
BRDA:18,0,0,0
BRDA:24,1,0,15
BRDA:52,2,0,0
BRDA:66,3,0,1
BRDA:76,4,0,5
BRDA:80,5,0,0
BRDA:91,6,0,11
BRDA:91,6,1,1
BRDA:93,7,0,10
BRDA:93,7,1,1
BRDA:93,8,0,11
BRDA:93,8,1,11
BRDA:93,8,2,6
BRDA:93,8,3,2
BRDA:108,9,0,2
BRDA:110,10,0,1
BRDA:110,10,1,1
BRDA:110,11,0,2
BRDA:110,11,1,2
BRDA:110,11,2,1
BRDA:110,11,3,1
BRDA:125,12,0,2
BRDA:127,13,0,1
BRDA:127,13,1,1
BRDA:127,14,0,2
BRDA:127,14,1,2
BRDA:127,14,2,1
BRDA:127,14,3,1
BRF:28
BRH:25
end_of_record
TN:
SF:src/ItemCheckerDemo/tests/TaskManagerTestRunner.ts
FN:10,runTaskManagerTests
FN:11,(anonymous_1)
FN:16,(anonymous_2)
FN:51,(anonymous_3)
FN:78,(anonymous_4)
FN:109,(anonymous_5)
FN:157,(anonymous_6)
FN:170,(anonymous_7)
FN:196,(anonymous_8)
FN:207,(anonymous_9)
FN:276,(anonymous_10)
FN:307,(anonymous_11)
FN:320,(anonymous_12)
FN:346,(anonymous_13)
FN:378,(anonymous_14)
FN:390,(anonymous_15)
FNF:16
FNH:16
FNDA:1,runTaskManagerTests
FNDA:1,(anonymous_1)
FNDA:1,(anonymous_2)
FNDA:1,(anonymous_3)
FNDA:1,(anonymous_4)
FNDA:1,(anonymous_5)
FNDA:1,(anonymous_6)
FNDA:1,(anonymous_7)
FNDA:1,(anonymous_8)
FNDA:1,(anonymous_9)
FNDA:1,(anonymous_10)
FNDA:1,(anonymous_11)
FNDA:1,(anonymous_12)
FNDA:1,(anonymous_13)
FNDA:1,(anonymous_14)
FNDA:1,(anonymous_15)
DA:10,1
DA:11,1
DA:16,1
DA:17,1
DA:18,1
DA:29,1
DA:31,1
DA:32,1
DA:35,1
DA:36,1
DA:38,1
DA:39,1
DA:40,1
DA:41,1
DA:42,1
DA:43,1
DA:44,1
DA:45,1
DA:51,1
DA:52,1
DA:53,1
DA:64,1
DA:66,1
DA:67,1
DA:69,1
DA:71,1
DA:72,1
DA:78,1
DA:79,1
DA:80,1
DA:91,1
DA:93,1
DA:94,1
DA:95,1
DA:97,1
DA:98,1
DA:101,1
DA:102,1
DA:103,1
DA:109,1
DA:110,1
DA:111,1
DA:122,1
DA:124,1
DA:125,1
DA:126,1
DA:128,1
DA:130,1
DA:131,1
DA:133,1
DA:135,1
DA:136,1
DA:138,1
DA:140,1
DA:141,1
DA:144,1
DA:145,1
DA:146,1
DA:148,1
DA:149,1
DA:150,1
DA:151,1
DA:157,1
DA:158,1
DA:159,1
DA:160,1
DA:161,1
DA:163,1
DA:164,1
DA:170,1
DA:171,1
DA:172,1
DA:183,1
DA:185,1
DA:186,1
DA:187,1
DA:189,1
DA:190,1
DA:196,1
DA:197,1
DA:198,1
DA:200,1
DA:201,1
DA:207,1
DA:208,1
DA:209,1
DA:220,1
DA:231,1
DA:232,1
DA:235,1
DA:236,1
DA:237,1
DA:238,1
DA:240,1
DA:242,1
DA:243,1
DA:245,1
DA:246,1
DA:248,1
DA:249,1
DA:250,1
DA:251,1
DA:252,1
DA:253,1
DA:254,1
DA:255,1
DA:256,1
DA:257,1
DA:259,1
DA:260,1
DA:261,1
DA:262,1
DA:263,1
DA:264,1
DA:265,1
DA:266,1
DA:267,1
DA:268,1
DA:276,1
DA:277,1
DA:278,1
DA:289,1
DA:291,1
DA:292,1
DA:293,1
DA:295,1
DA:296,1
DA:298,1
DA:300,1
DA:301,1
DA:307,1
DA:308,1
DA:309,1
DA:310,1
DA:311,1
DA:313,1
DA:314,1
DA:320,1
DA:321,1
DA:322,1
DA:333,1
DA:335,1
DA:336,1
DA:337,1
DA:339,1
DA:340,1
DA:346,1
DA:347,1
DA:348,1
DA:359,1
DA:361,1
DA:362,1
DA:364,1
DA:365,1
DA:367,1
DA:368,1
DA:370,1
DA:372,1
DA:378,1
DA:379,1
DA:380,1
DA:381,1
DA:383,1
DA:384,1
DA:390,1
DA:391,1
DA:392,1
DA:403,1
DA:405,1
DA:406,1
DA:408,1
DA:409,1
LF:172
LH:172
BRF:0
BRH:0
end_of_record
